<?xml version="1.0" encoding="UTF-8"?>
<testng-results skipped="0" failed="0" total="2" passed="2">
  <reporter-output>
  </reporter-output>
  <suite name="Default suite" duration-ms="36583" started-at="2017-04-06T19:33:07Z" finished-at="2017-04-06T19:33:43Z">
    <groups>
    </groups>
    <test name="Default test" duration-ms="36583" started-at="2017-04-06T19:33:07Z" finished-at="2017-04-06T19:33:43Z">
      <class name="com.Business.flow.LoginPage">
        <test-method status="PASS" signature="VerifyBillGeneration()[pri:0, instance:com.Business.flow.LoginPage@224edc67]" name="VerifyBillGeneration" duration-ms="19937" started-at="2017-04-06T12:33:07Z" finished-at="2017-04-06T12:33:27Z">
          <reporter-output>
          </reporter-output>
        </test-method> <!-- VerifyBillGeneration -->
        <test-method status="PASS" signature="loginCredentials()[pri:0, instance:com.Business.flow.LoginPage@224edc67]" name="loginCredentials" duration-ms="16609" started-at="2017-04-06T12:33:27Z" finished-at="2017-04-06T12:33:43Z">
          <reporter-output>
          </reporter-output>
        </test-method> <!-- loginCredentials -->
      </class> <!-- com.Business.flow.LoginPage -->
    </test> <!-- Default test -->
  </suite> <!-- Default suite -->
</testng-results>
