<?xml version="1.0" encoding="UTF-8"?>
<testng-results skipped="0" failed="0" ignored="0" total="1" passed="1">
  <reporter-output>
  </reporter-output>
  <suite name="Default suite" duration-ms="120" started-at="2017-04-12T18:17:10Z" finished-at="2017-04-12T18:17:10Z">
    <groups>
    </groups>
    <test name="Default test" duration-ms="120" started-at="2017-04-12T18:17:10Z" finished-at="2017-04-12T18:17:10Z">
      <class name="com.test.Test.StreamImpJava8">
        <test-method status="PASS" signature="sorting_reverse()[pri:0, instance:com.test.Test.StreamImpJava8@5056dfcb]" name="sorting_reverse" duration-ms="98" started-at="2017-04-12T11:17:10Z" finished-at="2017-04-12T11:17:10Z">
          <reporter-output>
          </reporter-output>
        </test-method> <!-- sorting_reverse -->
      </class> <!-- com.test.Test.StreamImpJava8 -->
    </test> <!-- Default test -->
  </suite> <!-- Default suite -->
</testng-results>
